2025-07-19 21:11:10,398 - INFO - å¯åŠ¨Flaskåº”ç”¨
2025-07-19 21:11:10,399 - INFO - ä¸Šä¼ ç›®å½•: e:\å¤§åˆ›é¡¹ç›®-ä¿¡å·åŸºç«™è®¾è®¡\static\uploads
2025-07-19 21:11:10,399 - INFO - ç»“æœç›®å½•: e:\å¤§åˆ›é¡¹ç›®-ä¿¡å·åŸºç«™è®¾è®¡\static\results
2025-07-19 21:11:10,399 - INFO - MATLABè„šæœ¬: zuizhongban.m
2025-07-19 21:11:10,402 - INFO - å¯åŠ¨Flaskåº”ç”¨
2025-07-19 21:11:10,402 - INFO - ä¸Šä¼ ç›®å½•: E:\å¤§åˆ›é¡¹ç›®-ä¿¡å·åŸºç«™è®¾è®¡\static\uploads
2025-07-19 21:11:10,402 - INFO - ç»“æœç›®å½•: E:\å¤§åˆ›é¡¹ç›®-ä¿¡å·åŸºç«™è®¾è®¡\static\results
2025-07-19 21:11:10,402 - INFO - MATLABè„šæœ¬: zuizhongban.m
2025-07-19 21:11:10,417 - WARNING -  * Debugger is active!
2025-07-19 21:11:10,420 - INFO -  * Debugger PIN: 286-042-135
2025-07-19 21:11:10,420 - WARNING -  * Debugger is active!
2025-07-19 21:11:10,424 - INFO -  * Debugger PIN: 757-868-085
2025-07-19 21:11:12,459 - INFO -  * Detected change in 'e:\\å¤§åˆ›é¡¹ç›®-ä¿¡å·åŸºç«™è®¾è®¡\\app.py', reloading
2025-07-19 21:11:12,488 - INFO -  * Detected change in 'E:\\å¤§åˆ›é¡¹ç›®-ä¿¡å·åŸºç«™è®¾è®¡\\app.py', reloading
2025-07-19 21:11:15,370 - INFO - å¯åŠ¨Flaskåº”ç”¨
2025-07-19 21:11:15,371 - INFO - ä¸Šä¼ ç›®å½•: e:\å¤§åˆ›é¡¹ç›®-ä¿¡å·åŸºç«™è®¾è®¡\static\uploads
2025-07-19 21:11:15,371 - INFO - ç»“æœç›®å½•: e:\å¤§åˆ›é¡¹ç›®-ä¿¡å·åŸºç«™è®¾è®¡\static\results
2025-07-19 21:11:15,371 - INFO - MATLABè„šæœ¬: zuizhongban.m
2025-07-19 21:11:15,391 - WARNING -  * Debugger is active!
2025-07-19 21:11:15,395 - INFO -  * Debugger PIN: 286-042-135
2025-07-19 21:11:15,454 - INFO - å¯åŠ¨Flaskåº”ç”¨
2025-07-19 21:11:15,454 - INFO - ä¸Šä¼ ç›®å½•: E:\å¤§åˆ›é¡¹ç›®-ä¿¡å·åŸºç«™è®¾è®¡\static\uploads
2025-07-19 21:11:15,454 - INFO - ç»“æœç›®å½•: E:\å¤§åˆ›é¡¹ç›®-ä¿¡å·åŸºç«™è®¾è®¡\static\results
2025-07-19 21:11:15,454 - INFO - MATLABè„šæœ¬: zuizhongban.m
2025-07-19 21:11:15,475 - WARNING -  * Debugger is active!
2025-07-19 21:11:15,478 - INFO -  * Debugger PIN: 757-868-085
2025-07-19 21:11:16,420 - INFO -  * Detected change in 'e:\\å¤§åˆ›é¡¹ç›®-ä¿¡å·åŸºç«™è®¾è®¡\\app.py', reloading
2025-07-19 21:11:16,525 - INFO -  * Detected change in 'E:\\å¤§åˆ›é¡¹ç›®-ä¿¡å·åŸºç«™è®¾è®¡\\app.py', reloading
2025-07-19 21:11:19,118 - INFO - å¯åŠ¨Flaskåº”ç”¨
2025-07-19 21:11:19,119 - INFO - ä¸Šä¼ ç›®å½•: e:\å¤§åˆ›é¡¹ç›®-ä¿¡å·åŸºç«™è®¾è®¡\static\uploads
2025-07-19 21:11:19,119 - INFO - ç»“æœç›®å½•: e:\å¤§åˆ›é¡¹ç›®-ä¿¡å·åŸºç«™è®¾è®¡\static\results
2025-07-19 21:11:19,120 - INFO - MATLABè„šæœ¬: zuizhongban.m
2025-07-19 21:11:19,143 - WARNING -  * Debugger is active!
2025-07-19 21:11:19,147 - INFO -  * Debugger PIN: 286-042-135
2025-07-19 21:11:19,345 - INFO - å¯åŠ¨Flaskåº”ç”¨
2025-07-19 21:11:19,345 - INFO - ä¸Šä¼ ç›®å½•: E:\å¤§åˆ›é¡¹ç›®-ä¿¡å·åŸºç«™è®¾è®¡\static\uploads
2025-07-19 21:11:19,345 - INFO - ç»“æœç›®å½•: E:\å¤§åˆ›é¡¹ç›®-ä¿¡å·åŸºç«™è®¾è®¡\static\results
2025-07-19 21:11:19,345 - INFO - MATLABè„šæœ¬: zuizhongban.m
2025-07-19 21:11:19,367 - WARNING -  * Debugger is active!
2025-07-19 21:11:19,370 - INFO -  * Debugger PIN: 757-868-085
2025-07-19 21:12:06,577 - INFO - å¯åŠ¨Flaskåº”ç”¨
2025-07-19 21:12:06,577 - INFO - ä¸Šä¼ ç›®å½•: e:\å¤§åˆ›é¡¹ç›®-ä¿¡å·åŸºç«™è®¾è®¡\static\uploads
2025-07-19 21:12:06,577 - INFO - ç»“æœç›®å½•: e:\å¤§åˆ›é¡¹ç›®-ä¿¡å·åŸºç«™è®¾è®¡\static\results
2025-07-19 21:12:06,578 - INFO - MATLABè„šæœ¬: zuizhongban.m
2025-07-19 21:12:06,613 - INFO - [31m[1mWARNING: This is a development server. Do not use it in a production deployment. Use a production WSGI server instead.[0m
 * Running on http://127.0.0.1:5000
2025-07-19 21:12:06,613 - INFO - [33mPress CTRL+C to quit[0m
2025-07-19 21:12:06,615 - INFO -  * Restarting with stat
2025-07-19 21:12:09,261 - INFO - å¯åŠ¨Flaskåº”ç”¨
2025-07-19 21:12:09,262 - INFO - ä¸Šä¼ ç›®å½•: e:\å¤§åˆ›é¡¹ç›®-ä¿¡å·åŸºç«™è®¾è®¡\static\uploads
2025-07-19 21:12:09,262 - INFO - ç»“æœç›®å½•: e:\å¤§åˆ›é¡¹ç›®-ä¿¡å·åŸºç«™è®¾è®¡\static\results
2025-07-19 21:12:09,263 - INFO - MATLABè„šæœ¬: zuizhongban.m
2025-07-19 21:12:09,302 - WARNING -  * Debugger is active!
2025-07-19 21:12:09,309 - INFO -  * Debugger PIN: 286-042-135
2025-07-19 21:12:14,851 - INFO - ç”¨æˆ·è®¿é—®ä¸»é¡µ
2025-07-19 21:12:14,855 - INFO - 127.0.0.1 - - [19/Jul/2025 21:12:14] "GET / HTTP/1.1" 200 -
2025-07-19 21:12:15,503 - INFO - 127.0.0.1 - - [19/Jul/2025 21:12:15] "GET /static/js/jquery-3.7.1.js HTTP/1.1" 200 -
2025-07-19 21:12:15,511 - INFO - 127.0.0.1 - - [19/Jul/2025 21:12:15] "GET /static/results/grid_and_stations.png HTTP/1.1" 200 -
2025-07-19 21:12:15,513 - INFO - 127.0.0.1 - - [19/Jul/2025 21:12:15] "GET /static/css/style.css HTTP/1.1" 200 -
2025-07-19 21:12:15,514 - INFO - 127.0.0.1 - - [19/Jul/2025 21:12:15] "GET /static/results/signal_strength_map.png HTTP/1.1" 200 -
2025-07-19 21:12:16,450 - INFO - 127.0.0.1 - - [19/Jul/2025 21:12:16] "GET /static/results/coverage_history.png HTTP/1.1" 200 -
2025-07-19 21:12:16,451 - INFO - 127.0.0.1 - - [19/Jul/2025 21:12:16] "GET /static/results/signal_histogram.png HTTP/1.1" 200 -
2025-07-19 21:12:16,463 - INFO - 127.0.0.1 - - [19/Jul/2025 21:12:16] "GET /static/js/script.js HTTP/1.1" 200 -
2025-07-19 21:12:16,543 - INFO - 127.0.0.1 - - [19/Jul/2025 21:12:16] "[33mGET /favicon.ico HTTP/1.1[0m" 404 -
2025-07-19 21:12:22,758 - INFO - ============================================================
2025-07-19 21:12:22,758 - INFO - å¼€å§‹å¤„ç†æ¨¡æ‹Ÿè¯·æ±‚
2025-07-19 21:12:22,758 - INFO - è¯·æ±‚æ—¶é—´: 2025-07-19 21:12:22
2025-07-19 21:12:22,759 - INFO - ============================================================
2025-07-19 21:12:22,763 - INFO - æ¥æ”¶åˆ°æ–‡ä»¶: 27224857-1872-420a-b600-e767951475f2.jpg
2025-07-19 21:12:22,764 - INFO - æ–‡ä»¶éªŒè¯é€šè¿‡: 27224857-1872-420a-b600-e767951475f2.jpg
2025-07-19 21:12:22,764 - INFO - æ­¥éª¤ 1: ä¿å­˜ä¸Šä¼ çš„å›¾ç‰‡
2025-07-19 21:12:22,769 - INFO - æ–‡ä»¶å·²ä¿å­˜åˆ°: E:\å¤§åˆ›é¡¹ç›®-ä¿¡å·åŸºç«™è®¾è®¡\static\uploads\56d8540e-b8e8-48ba-8b8e-53a05030198e.jpg
2025-07-19 21:12:22,769 - INFO - æ–‡ä»¶å¤§å°: 350782 å­—èŠ‚
2025-07-19 21:12:22,769 - INFO - æ­¥éª¤ 2: å¼€å§‹å›¾åƒåˆ°æ …æ ¼è½¬æ¢
2025-07-19 21:12:22,770 - INFO - ç›®æ ‡æ …æ ¼å°ºå¯¸: 68 x 95
2025-07-19 21:12:22,770 - INFO - æ …æ ¼æ•°æ®å°†ä¿å­˜åˆ°: E:\å¤§åˆ›é¡¹ç›®-ä¿¡å·åŸºç«™è®¾è®¡\static\uploads\school_grid.csv
2025-07-19 21:12:22,817 - ERROR - å¤„ç†è¿‡ç¨‹ä¸­å‘ç”Ÿå¼‚å¸¸: [Errno 22] Invalid argument
Traceback (most recent call last):
  File "E:\å¤§åˆ›é¡¹ç›®-ä¿¡å·åŸºç«™è®¾è®¡\app.py", line 107, in simulate
    grid_data = image_to_grid_python(filepath, target_rows, target_cols, output_dir=app.config['UPLOAD_FOLDER'])
                ^^^^^^^^^^^^^^^^^^^^^^^^^^^^^^^^^^^^^^^^^^^^^^^^^^^^^^^^^^^^^^^^^^^^^^^^^^^^^^^^^^^^^^^^^^^^^^^^
  File "E:\å¤§åˆ›é¡¹ç›®-ä¿¡å·åŸºç«™è®¾è®¡\image_to_grid_python.py", line 61, in image_to_grid_python
    print("æ­£åœ¨å°†å›¾åƒè½¬æ¢ä¸ºæ …æ ¼æ•°æ®...")
OSError: [Errno 22] Invalid argument
2025-07-19 21:12:22,821 - INFO - 127.0.0.1 - - [19/Jul/2025 21:12:22] "[35m[1mPOST /simulate HTTP/1.1[0m" 500 -
2025-07-19 21:12:26,129 - INFO - ============================================================
2025-07-19 21:12:26,129 - INFO - å¼€å§‹å¤„ç†æ¨¡æ‹Ÿè¯·æ±‚
2025-07-19 21:12:26,129 - INFO - è¯·æ±‚æ—¶é—´: 2025-07-19 21:12:26
2025-07-19 21:12:26,129 - INFO - ============================================================
2025-07-19 21:12:26,133 - INFO - æ¥æ”¶åˆ°æ–‡ä»¶: 27224857-1872-420a-b600-e767951475f2.jpg
2025-07-19 21:12:26,133 - INFO - æ–‡ä»¶éªŒè¯é€šè¿‡: 27224857-1872-420a-b600-e767951475f2.jpg
2025-07-19 21:12:26,133 - INFO - æ­¥éª¤ 1: ä¿å­˜ä¸Šä¼ çš„å›¾ç‰‡
2025-07-19 21:12:26,136 - INFO - æ–‡ä»¶å·²ä¿å­˜åˆ°: E:\å¤§åˆ›é¡¹ç›®-ä¿¡å·åŸºç«™è®¾è®¡\static\uploads\6a4361fc-639f-4e69-820e-a891b95d85d3.jpg
2025-07-19 21:12:26,136 - INFO - æ–‡ä»¶å¤§å°: 350782 å­—èŠ‚
2025-07-19 21:12:26,136 - INFO - æ­¥éª¤ 2: å¼€å§‹å›¾åƒåˆ°æ …æ ¼è½¬æ¢
2025-07-19 21:12:26,137 - INFO - ç›®æ ‡æ …æ ¼å°ºå¯¸: 68 x 95
2025-07-19 21:12:26,137 - INFO - æ …æ ¼æ•°æ®å°†ä¿å­˜åˆ°: E:\å¤§åˆ›é¡¹ç›®-ä¿¡å·åŸºç«™è®¾è®¡\static\uploads\school_grid.csv
2025-07-19 21:12:26,164 - ERROR - å¤„ç†è¿‡ç¨‹ä¸­å‘ç”Ÿå¼‚å¸¸: [Errno 22] Invalid argument
Traceback (most recent call last):
  File "E:\å¤§åˆ›é¡¹ç›®-ä¿¡å·åŸºç«™è®¾è®¡\app.py", line 107, in simulate
    grid_data = image_to_grid_python(filepath, target_rows, target_cols, output_dir=app.config['UPLOAD_FOLDER'])
                ^^^^^^^^^^^^^^^^^^^^^^^^^^^^^^^^^^^^^^^^^^^^^^^^^^^^^^^^^^^^^^^^^^^^^^^^^^^^^^^^^^^^^^^^^^^^^^^^
  File "E:\å¤§åˆ›é¡¹ç›®-ä¿¡å·åŸºç«™è®¾è®¡\image_to_grid_python.py", line 61, in image_to_grid_python
    print("æ­£åœ¨å°†å›¾åƒè½¬æ¢ä¸ºæ …æ ¼æ•°æ®...")
OSError: [Errno 22] Invalid argument
2025-07-19 21:12:26,167 - INFO - 127.0.0.1 - - [19/Jul/2025 21:12:26] "[35m[1mPOST /simulate HTTP/1.1[0m" 500 -
2025-07-19 21:12:26,610 - INFO - ============================================================
2025-07-19 21:12:26,610 - INFO - å¼€å§‹å¤„ç†æ¨¡æ‹Ÿè¯·æ±‚
2025-07-19 21:12:26,610 - INFO - è¯·æ±‚æ—¶é—´: 2025-07-19 21:12:26
2025-07-19 21:12:26,610 - INFO - ============================================================
2025-07-19 21:12:26,614 - INFO - æ¥æ”¶åˆ°æ–‡ä»¶: 27224857-1872-420a-b600-e767951475f2.jpg
2025-07-19 21:12:26,614 - INFO - æ–‡ä»¶éªŒè¯é€šè¿‡: 27224857-1872-420a-b600-e767951475f2.jpg
2025-07-19 21:12:26,615 - INFO - æ­¥éª¤ 1: ä¿å­˜ä¸Šä¼ çš„å›¾ç‰‡
2025-07-19 21:12:26,617 - INFO - æ–‡ä»¶å·²ä¿å­˜åˆ°: E:\å¤§åˆ›é¡¹ç›®-ä¿¡å·åŸºç«™è®¾è®¡\static\uploads\18fc038f-678f-45bd-a397-69d939402ffd.jpg
2025-07-19 21:12:26,618 - INFO - æ–‡ä»¶å¤§å°: 350782 å­—èŠ‚
2025-07-19 21:12:26,618 - INFO - æ­¥éª¤ 2: å¼€å§‹å›¾åƒåˆ°æ …æ ¼è½¬æ¢
2025-07-19 21:12:26,618 - INFO - ç›®æ ‡æ …æ ¼å°ºå¯¸: 68 x 95
2025-07-19 21:12:26,619 - INFO - æ …æ ¼æ•°æ®å°†ä¿å­˜åˆ°: E:\å¤§åˆ›é¡¹ç›®-ä¿¡å·åŸºç«™è®¾è®¡\static\uploads\school_grid.csv
2025-07-19 21:12:26,642 - ERROR - å¤„ç†è¿‡ç¨‹ä¸­å‘ç”Ÿå¼‚å¸¸: [Errno 22] Invalid argument
Traceback (most recent call last):
  File "E:\å¤§åˆ›é¡¹ç›®-ä¿¡å·åŸºç«™è®¾è®¡\app.py", line 107, in simulate
    grid_data = image_to_grid_python(filepath, target_rows, target_cols, output_dir=app.config['UPLOAD_FOLDER'])
                ^^^^^^^^^^^^^^^^^^^^^^^^^^^^^^^^^^^^^^^^^^^^^^^^^^^^^^^^^^^^^^^^^^^^^^^^^^^^^^^^^^^^^^^^^^^^^^^^
  File "E:\å¤§åˆ›é¡¹ç›®-ä¿¡å·åŸºç«™è®¾è®¡\image_to_grid_python.py", line 61, in image_to_grid_python
    print("æ­£åœ¨å°†å›¾åƒè½¬æ¢ä¸ºæ …æ ¼æ•°æ®...")
OSError: [Errno 22] Invalid argument
2025-07-19 21:12:26,645 - INFO - 127.0.0.1 - - [19/Jul/2025 21:12:26] "[35m[1mPOST /simulate HTTP/1.1[0m" 500 -
2025-07-19 21:12:26,936 - INFO - ============================================================
2025-07-19 21:12:26,938 - INFO - å¼€å§‹å¤„ç†æ¨¡æ‹Ÿè¯·æ±‚
2025-07-19 21:12:26,938 - INFO - è¯·æ±‚æ—¶é—´: 2025-07-19 21:12:26
2025-07-19 21:12:26,938 - INFO - ============================================================
2025-07-19 21:12:26,940 - INFO - æ¥æ”¶åˆ°æ–‡ä»¶: 27224857-1872-420a-b600-e767951475f2.jpg
2025-07-19 21:12:26,941 - INFO - æ–‡ä»¶éªŒè¯é€šè¿‡: 27224857-1872-420a-b600-e767951475f2.jpg
2025-07-19 21:12:26,941 - INFO - æ­¥éª¤ 1: ä¿å­˜ä¸Šä¼ çš„å›¾ç‰‡
2025-07-19 21:12:26,943 - INFO - æ–‡ä»¶å·²ä¿å­˜åˆ°: E:\å¤§åˆ›é¡¹ç›®-ä¿¡å·åŸºç«™è®¾è®¡\static\uploads\524ea286-2df7-493c-81bb-8af0eb78b42f.jpg
2025-07-19 21:12:26,943 - INFO - æ–‡ä»¶å¤§å°: 350782 å­—èŠ‚
2025-07-19 21:12:26,943 - INFO - æ­¥éª¤ 2: å¼€å§‹å›¾åƒåˆ°æ …æ ¼è½¬æ¢
2025-07-19 21:12:26,945 - INFO - ç›®æ ‡æ …æ ¼å°ºå¯¸: 68 x 95
2025-07-19 21:12:26,945 - INFO - æ …æ ¼æ•°æ®å°†ä¿å­˜åˆ°: E:\å¤§åˆ›é¡¹ç›®-ä¿¡å·åŸºç«™è®¾è®¡\static\uploads\school_grid.csv
2025-07-19 21:12:26,967 - ERROR - å¤„ç†è¿‡ç¨‹ä¸­å‘ç”Ÿå¼‚å¸¸: [Errno 22] Invalid argument
Traceback (most recent call last):
  File "E:\å¤§åˆ›é¡¹ç›®-ä¿¡å·åŸºç«™è®¾è®¡\app.py", line 107, in simulate
    grid_data = image_to_grid_python(filepath, target_rows, target_cols, output_dir=app.config['UPLOAD_FOLDER'])
                ^^^^^^^^^^^^^^^^^^^^^^^^^^^^^^^^^^^^^^^^^^^^^^^^^^^^^^^^^^^^^^^^^^^^^^^^^^^^^^^^^^^^^^^^^^^^^^^^
  File "E:\å¤§åˆ›é¡¹ç›®-ä¿¡å·åŸºç«™è®¾è®¡\image_to_grid_python.py", line 61, in image_to_grid_python
    print("æ­£åœ¨å°†å›¾åƒè½¬æ¢ä¸ºæ …æ ¼æ•°æ®...")
OSError: [Errno 22] Invalid argument
2025-07-19 21:12:26,970 - INFO - 127.0.0.1 - - [19/Jul/2025 21:12:26] "[35m[1mPOST /simulate HTTP/1.1[0m" 500 -
2025-07-19 21:12:27,214 - INFO - ============================================================
2025-07-19 21:12:27,214 - INFO - å¼€å§‹å¤„ç†æ¨¡æ‹Ÿè¯·æ±‚
2025-07-19 21:12:27,214 - INFO - è¯·æ±‚æ—¶é—´: 2025-07-19 21:12:27
2025-07-19 21:12:27,214 - INFO - ============================================================
2025-07-19 21:12:27,218 - INFO - æ¥æ”¶åˆ°æ–‡ä»¶: 27224857-1872-420a-b600-e767951475f2.jpg
2025-07-19 21:12:27,218 - INFO - æ–‡ä»¶éªŒè¯é€šè¿‡: 27224857-1872-420a-b600-e767951475f2.jpg
2025-07-19 21:12:27,219 - INFO - æ­¥éª¤ 1: ä¿å­˜ä¸Šä¼ çš„å›¾ç‰‡
2025-07-19 21:12:27,221 - INFO - æ–‡ä»¶å·²ä¿å­˜åˆ°: E:\å¤§åˆ›é¡¹ç›®-ä¿¡å·åŸºç«™è®¾è®¡\static\uploads\7333b90a-fb8c-4b03-9968-92a3f97ea130.jpg
2025-07-19 21:12:27,221 - INFO - æ–‡ä»¶å¤§å°: 350782 å­—èŠ‚
2025-07-19 21:12:27,222 - INFO - æ­¥éª¤ 2: å¼€å§‹å›¾åƒåˆ°æ …æ ¼è½¬æ¢
2025-07-19 21:12:27,222 - INFO - ç›®æ ‡æ …æ ¼å°ºå¯¸: 68 x 95
2025-07-19 21:12:27,223 - INFO - æ …æ ¼æ•°æ®å°†ä¿å­˜åˆ°: E:\å¤§åˆ›é¡¹ç›®-ä¿¡å·åŸºç«™è®¾è®¡\static\uploads\school_grid.csv
2025-07-19 21:12:27,247 - ERROR - å¤„ç†è¿‡ç¨‹ä¸­å‘ç”Ÿå¼‚å¸¸: [Errno 22] Invalid argument
Traceback (most recent call last):
  File "E:\å¤§åˆ›é¡¹ç›®-ä¿¡å·åŸºç«™è®¾è®¡\app.py", line 107, in simulate
    grid_data = image_to_grid_python(filepath, target_rows, target_cols, output_dir=app.config['UPLOAD_FOLDER'])
                ^^^^^^^^^^^^^^^^^^^^^^^^^^^^^^^^^^^^^^^^^^^^^^^^^^^^^^^^^^^^^^^^^^^^^^^^^^^^^^^^^^^^^^^^^^^^^^^^
  File "E:\å¤§åˆ›é¡¹ç›®-ä¿¡å·åŸºç«™è®¾è®¡\image_to_grid_python.py", line 61, in image_to_grid_python
    print("æ­£åœ¨å°†å›¾åƒè½¬æ¢ä¸ºæ …æ ¼æ•°æ®...")
OSError: [Errno 22] Invalid argument
2025-07-19 21:12:27,250 - INFO - 127.0.0.1 - - [19/Jul/2025 21:12:27] "[35m[1mPOST /simulate HTTP/1.1[0m" 500 -
2025-07-19 21:12:27,386 - INFO - ============================================================
2025-07-19 21:12:27,387 - INFO - å¼€å§‹å¤„ç†æ¨¡æ‹Ÿè¯·æ±‚
2025-07-19 21:12:27,387 - INFO - è¯·æ±‚æ—¶é—´: 2025-07-19 21:12:27
2025-07-19 21:12:27,387 - INFO - ============================================================
2025-07-19 21:12:27,391 - INFO - æ¥æ”¶åˆ°æ–‡ä»¶: 27224857-1872-420a-b600-e767951475f2.jpg
2025-07-19 21:12:27,391 - INFO - æ–‡ä»¶éªŒè¯é€šè¿‡: 27224857-1872-420a-b600-e767951475f2.jpg
2025-07-19 21:12:27,391 - INFO - æ­¥éª¤ 1: ä¿å­˜ä¸Šä¼ çš„å›¾ç‰‡
2025-07-19 21:12:27,394 - INFO - æ–‡ä»¶å·²ä¿å­˜åˆ°: E:\å¤§åˆ›é¡¹ç›®-ä¿¡å·åŸºç«™è®¾è®¡\static\uploads\c907903f-9b89-402a-a52d-d37fb841f30d.jpg
2025-07-19 21:12:27,394 - INFO - æ–‡ä»¶å¤§å°: 350782 å­—èŠ‚
2025-07-19 21:12:27,394 - INFO - æ­¥éª¤ 2: å¼€å§‹å›¾åƒåˆ°æ …æ ¼è½¬æ¢
2025-07-19 21:12:27,395 - INFO - ç›®æ ‡æ …æ ¼å°ºå¯¸: 68 x 95
2025-07-19 21:12:27,395 - INFO - æ …æ ¼æ•°æ®å°†ä¿å­˜åˆ°: E:\å¤§åˆ›é¡¹ç›®-ä¿¡å·åŸºç«™è®¾è®¡\static\uploads\school_grid.csv
2025-07-19 21:12:27,420 - ERROR - å¤„ç†è¿‡ç¨‹ä¸­å‘ç”Ÿå¼‚å¸¸: [Errno 22] Invalid argument
Traceback (most recent call last):
  File "E:\å¤§åˆ›é¡¹ç›®-ä¿¡å·åŸºç«™è®¾è®¡\app.py", line 107, in simulate
    grid_data = image_to_grid_python(filepath, target_rows, target_cols, output_dir=app.config['UPLOAD_FOLDER'])
                ^^^^^^^^^^^^^^^^^^^^^^^^^^^^^^^^^^^^^^^^^^^^^^^^^^^^^^^^^^^^^^^^^^^^^^^^^^^^^^^^^^^^^^^^^^^^^^^^
  File "E:\å¤§åˆ›é¡¹ç›®-ä¿¡å·åŸºç«™è®¾è®¡\image_to_grid_python.py", line 61, in image_to_grid_python
    print("æ­£åœ¨å°†å›¾åƒè½¬æ¢ä¸ºæ …æ ¼æ•°æ®...")
OSError: [Errno 22] Invalid argument
2025-07-19 21:12:27,423 - INFO - 127.0.0.1 - - [19/Jul/2025 21:12:27] "[35m[1mPOST /simulate HTTP/1.1[0m" 500 -
2025-07-19 21:12:48,316 - INFO - ============================================================
2025-07-19 21:12:48,316 - INFO - å¼€å§‹å¤„ç†æ¨¡æ‹Ÿè¯·æ±‚
2025-07-19 21:12:48,317 - INFO - è¯·æ±‚æ—¶é—´: 2025-07-19 21:12:48
2025-07-19 21:12:48,317 - INFO - ============================================================
2025-07-19 21:12:48,320 - INFO - æ¥æ”¶åˆ°æ–‡ä»¶: 27224857-1872-420a-b600-e767951475f2.jpg
2025-07-19 21:12:48,321 - INFO - æ–‡ä»¶éªŒè¯é€šè¿‡: 27224857-1872-420a-b600-e767951475f2.jpg
2025-07-19 21:12:48,321 - INFO - æ­¥éª¤ 1: ä¿å­˜ä¸Šä¼ çš„å›¾ç‰‡
2025-07-19 21:12:48,324 - INFO - æ–‡ä»¶å·²ä¿å­˜åˆ°: E:\å¤§åˆ›é¡¹ç›®-ä¿¡å·åŸºç«™è®¾è®¡\static\uploads\94879eec-346e-4b5c-ad97-a697ad2712b8.jpg
2025-07-19 21:12:48,325 - INFO - æ–‡ä»¶å¤§å°: 350782 å­—èŠ‚
2025-07-19 21:12:48,325 - INFO - æ­¥éª¤ 2: å¼€å§‹å›¾åƒåˆ°æ …æ ¼è½¬æ¢
2025-07-19 21:12:48,325 - INFO - ç›®æ ‡æ …æ ¼å°ºå¯¸: 68 x 95
2025-07-19 21:12:48,326 - INFO - æ …æ ¼æ•°æ®å°†ä¿å­˜åˆ°: E:\å¤§åˆ›é¡¹ç›®-ä¿¡å·åŸºç«™è®¾è®¡\static\uploads\school_grid.csv
2025-07-19 21:12:48,354 - ERROR - å¤„ç†è¿‡ç¨‹ä¸­å‘ç”Ÿå¼‚å¸¸: [Errno 22] Invalid argument
Traceback (most recent call last):
  File "E:\å¤§åˆ›é¡¹ç›®-ä¿¡å·åŸºç«™è®¾è®¡\app.py", line 107, in simulate
    grid_data = image_to_grid_python(filepath, target_rows, target_cols, output_dir=app.config['UPLOAD_FOLDER'])
                ^^^^^^^^^^^^^^^^^^^^^^^^^^^^^^^^^^^^^^^^^^^^^^^^^^^^^^^^^^^^^^^^^^^^^^^^^^^^^^^^^^^^^^^^^^^^^^^^
  File "E:\å¤§åˆ›é¡¹ç›®-ä¿¡å·åŸºç«™è®¾è®¡\image_to_grid_python.py", line 61, in image_to_grid_python
    print("æ­£åœ¨å°†å›¾åƒè½¬æ¢ä¸ºæ …æ ¼æ•°æ®...")
OSError: [Errno 22] Invalid argument
2025-07-19 21:12:48,358 - INFO - 127.0.0.1 - - [19/Jul/2025 21:12:48] "[35m[1mPOST /simulate HTTP/1.1[0m" 500 -
2025-07-19 21:12:48,713 - INFO - ============================================================
2025-07-19 21:12:48,713 - INFO - å¼€å§‹å¤„ç†æ¨¡æ‹Ÿè¯·æ±‚
2025-07-19 21:12:48,713 - INFO - è¯·æ±‚æ—¶é—´: 2025-07-19 21:12:48
2025-07-19 21:12:48,713 - INFO - ============================================================
2025-07-19 21:12:48,717 - INFO - æ¥æ”¶åˆ°æ–‡ä»¶: 27224857-1872-420a-b600-e767951475f2.jpg
2025-07-19 21:12:48,717 - INFO - æ–‡ä»¶éªŒè¯é€šè¿‡: 27224857-1872-420a-b600-e767951475f2.jpg
2025-07-19 21:12:48,717 - INFO - æ­¥éª¤ 1: ä¿å­˜ä¸Šä¼ çš„å›¾ç‰‡
2025-07-19 21:12:48,719 - INFO - æ–‡ä»¶å·²ä¿å­˜åˆ°: E:\å¤§åˆ›é¡¹ç›®-ä¿¡å·åŸºç«™è®¾è®¡\static\uploads\76dc7b42-da96-4f9f-9f05-e83ea7c5fb6f.jpg
2025-07-19 21:12:48,721 - INFO - æ–‡ä»¶å¤§å°: 350782 å­—èŠ‚
2025-07-19 21:12:48,721 - INFO - æ­¥éª¤ 2: å¼€å§‹å›¾åƒåˆ°æ …æ ¼è½¬æ¢
2025-07-19 21:12:48,722 - INFO - ç›®æ ‡æ …æ ¼å°ºå¯¸: 68 x 95
2025-07-19 21:12:48,722 - INFO - æ …æ ¼æ•°æ®å°†ä¿å­˜åˆ°: E:\å¤§åˆ›é¡¹ç›®-ä¿¡å·åŸºç«™è®¾è®¡\static\uploads\school_grid.csv
2025-07-19 21:12:48,749 - ERROR - å¤„ç†è¿‡ç¨‹ä¸­å‘ç”Ÿå¼‚å¸¸: [Errno 22] Invalid argument
Traceback (most recent call last):
  File "E:\å¤§åˆ›é¡¹ç›®-ä¿¡å·åŸºç«™è®¾è®¡\app.py", line 107, in simulate
    grid_data = image_to_grid_python(filepath, target_rows, target_cols, output_dir=app.config['UPLOAD_FOLDER'])
                ^^^^^^^^^^^^^^^^^^^^^^^^^^^^^^^^^^^^^^^^^^^^^^^^^^^^^^^^^^^^^^^^^^^^^^^^^^^^^^^^^^^^^^^^^^^^^^^^
  File "E:\å¤§åˆ›é¡¹ç›®-ä¿¡å·åŸºç«™è®¾è®¡\image_to_grid_python.py", line 61, in image_to_grid_python
    print("æ­£åœ¨å°†å›¾åƒè½¬æ¢ä¸ºæ …æ ¼æ•°æ®...")
OSError: [Errno 22] Invalid argument
2025-07-19 21:12:48,752 - INFO - 127.0.0.1 - - [19/Jul/2025 21:12:48] "[35m[1mPOST /simulate HTTP/1.1[0m" 500 -
2025-07-19 21:13:09,088 - INFO - ç”¨æˆ·è®¿é—®ä¸»é¡µ
2025-07-19 21:13:09,090 - INFO - 127.0.0.1 - - [19/Jul/2025 21:13:09] "GET / HTTP/1.1" 200 -
2025-07-19 21:13:09,106 - INFO - 127.0.0.1 - - [19/Jul/2025 21:13:09] "[36mGET /static/css/style.css HTTP/1.1[0m" 304 -
2025-07-19 21:13:09,107 - INFO - 127.0.0.1 - - [19/Jul/2025 21:13:09] "[36mGET /static/js/jquery-3.7.1.js HTTP/1.1[0m" 304 -
2025-07-19 21:13:09,110 - INFO - 127.0.0.1 - - [19/Jul/2025 21:13:09] "[36mGET /static/results/grid_and_stations.png HTTP/1.1[0m" 304 -
2025-07-19 21:13:09,112 - INFO - 127.0.0.1 - - [19/Jul/2025 21:13:09] "[36mGET /static/results/signal_strength_map.png HTTP/1.1[0m" 304 -
2025-07-19 21:13:09,120 - INFO - 127.0.0.1 - - [19/Jul/2025 21:13:09] "[36mGET /static/js/script.js HTTP/1.1[0m" 304 -
2025-07-19 21:13:09,122 - INFO - 127.0.0.1 - - [19/Jul/2025 21:13:09] "[36mGET /static/results/coverage_history.png HTTP/1.1[0m" 304 -
2025-07-19 21:13:09,123 - INFO - 127.0.0.1 - - [19/Jul/2025 21:13:09] "[36mGET /static/results/signal_histogram.png HTTP/1.1[0m" 304 -
2025-07-19 21:13:13,162 - INFO - ============================================================
2025-07-19 21:13:13,163 - INFO - å¼€å§‹å¤„ç†æ¨¡æ‹Ÿè¯·æ±‚
2025-07-19 21:13:13,163 - INFO - è¯·æ±‚æ—¶é—´: 2025-07-19 21:13:13
2025-07-19 21:13:13,163 - INFO - ============================================================
2025-07-19 21:13:13,168 - INFO - æ¥æ”¶åˆ°æ–‡ä»¶: 6a4361fc-639f-4e69-820e-a891b95d85d3.jpg
2025-07-19 21:13:13,168 - INFO - æ–‡ä»¶éªŒè¯é€šè¿‡: 6a4361fc-639f-4e69-820e-a891b95d85d3.jpg
2025-07-19 21:13:13,168 - INFO - æ­¥éª¤ 1: ä¿å­˜ä¸Šä¼ çš„å›¾ç‰‡
2025-07-19 21:13:13,172 - INFO - æ–‡ä»¶å·²ä¿å­˜åˆ°: E:\å¤§åˆ›é¡¹ç›®-ä¿¡å·åŸºç«™è®¾è®¡\static\uploads\c8ffb931-602d-4a9f-8546-d20b92752cfa.jpg
2025-07-19 21:13:13,172 - INFO - æ–‡ä»¶å¤§å°: 350782 å­—èŠ‚
2025-07-19 21:13:13,172 - INFO - æ­¥éª¤ 2: å¼€å§‹å›¾åƒåˆ°æ …æ ¼è½¬æ¢
2025-07-19 21:13:13,173 - INFO - ç›®æ ‡æ …æ ¼å°ºå¯¸: 68 x 95
2025-07-19 21:13:13,173 - INFO - æ …æ ¼æ•°æ®å°†ä¿å­˜åˆ°: E:\å¤§åˆ›é¡¹ç›®-ä¿¡å·åŸºç«™è®¾è®¡\static\uploads\school_grid.csv
2025-07-19 21:13:13,199 - ERROR - å¤„ç†è¿‡ç¨‹ä¸­å‘ç”Ÿå¼‚å¸¸: [Errno 22] Invalid argument
Traceback (most recent call last):
  File "E:\å¤§åˆ›é¡¹ç›®-ä¿¡å·åŸºç«™è®¾è®¡\app.py", line 107, in simulate
    grid_data = image_to_grid_python(filepath, target_rows, target_cols, output_dir=app.config['UPLOAD_FOLDER'])
                ^^^^^^^^^^^^^^^^^^^^^^^^^^^^^^^^^^^^^^^^^^^^^^^^^^^^^^^^^^^^^^^^^^^^^^^^^^^^^^^^^^^^^^^^^^^^^^^^
  File "E:\å¤§åˆ›é¡¹ç›®-ä¿¡å·åŸºç«™è®¾è®¡\image_to_grid_python.py", line 61, in image_to_grid_python
    print("æ­£åœ¨å°†å›¾åƒè½¬æ¢ä¸ºæ …æ ¼æ•°æ®...")
OSError: [Errno 22] Invalid argument
2025-07-19 21:13:13,202 - INFO - 127.0.0.1 - - [19/Jul/2025 21:13:13] "[35m[1mPOST /simulate HTTP/1.1[0m" 500 -
2025-07-19 21:14:13,651 - INFO -  * Detected change in 'e:\\å¤§åˆ›é¡¹ç›®-ä¿¡å·åŸºç«™è®¾è®¡\\app.py', reloading
2025-07-19 21:14:13,776 - INFO -  * Restarting with stat
2025-07-19 21:14:14,212 - INFO -  * Detected change in 'E:\\å¤§åˆ›é¡¹ç›®-ä¿¡å·åŸºç«™è®¾è®¡\\app.py', reloading
